<?xml version="1.0" encoding="UTF-8"?>
<testsuite name="com.gildedrose.GildedRoseTest" tests="14" skipped="0" failures="0" errors="0" timestamp="2022-10-30T10:40:49" hostname="LAPTOP-TPJ6UH80" time="0.054">
  <properties/>
  <testcase name="Test quality et sellin avec aged Brie et le sellin devient inf a 0" classname="com.gildedrose.GildedRoseTest" time="0.019"/>
  <testcase name="Test quality et sellin avec aged Brie et le sellin sup a 0" classname="com.gildedrose.GildedRoseTest" time="0.001"/>
  <testcase name="Test quality et sellin avec Backstage et sellin a 5" classname="com.gildedrose.GildedRoseTest" time="0.0"/>
  <testcase name="Test quality et sellin avec une biere qui n'existe pas" classname="com.gildedrose.GildedRoseTest" time="0.001"/>
  <testcase name="Test quality et sellin avec Backstage et sellin devient inf a 3 et quality depasse pas 50" classname="com.gildedrose.GildedRoseTest" time="0.001"/>
  <testcase name="Test quality et sellin avec Backstage et sellin devient inf a 0" classname="com.gildedrose.GildedRoseTest" time="0.0"/>
  <testcase name="Test that the name is unchanged" classname="com.gildedrose.GildedRoseTest" time="0.001"/>
  <testcase name="Sulfuras" classname="com.gildedrose.GildedRoseTest" time="0.001"/>
  <testcase name="Sulfuras" classname="com.gildedrose.GildedRoseTest" time="0.001"/>
  <testcase name="Afficher les caractéristiques du produit" classname="com.gildedrose.GildedRoseTest" time="0.017"/>
  <testcase name="Test quality et sellin avec aged Brie et le sellin sup a 0" classname="com.gildedrose.GildedRoseTest" time="0.001"/>
  <testcase name="Test quality et sellin avec une biere qui n'existe pas avec sellin a 0" classname="com.gildedrose.GildedRoseTest" time="0.0"/>
  <testcase name="Test quality et sellin avec aged Brie et le sellin sup a 0" classname="com.gildedrose.GildedRoseTest" time="0.0"/>
  <testcase name="Test quality et sellin avec Backstage et sellin sup a 10" classname="com.gildedrose.GildedRoseTest" time="0.001"/>
  <system-out><![CDATA[]]></system-out>
  <system-err><![CDATA[]]></system-err>
</testsuite>
